This is XeTeX, Version 3.14159265-2.6-0.99998 (TeX Live 2017) (preloaded format=xelatex 2017.6.6)  15 JUN 2017 16:12
entering extended mode
 restricted \write18 enabled.
 file:line:error style messages enabled.
 %&-line parsing enabled.
**Lonely_Schools_Odell_2017_AM.tex
(./Lonely_Schools_Odell_2017_AM.tex
LaTeX2e <2017-04-15>
Babel <3.10> and hyphenation patterns for 84 language(s) loaded.
(/usr/local/texlive/2017/texmf-dist/tex/latex/base/article.cls
Document Class: article 2014/09/29 v1.4h Standard LaTeX document class
(/usr/local/texlive/2017/texmf-dist/tex/latex/base/size12.clo
File: size12.clo 2014/09/29 v1.4h Standard LaTeX file (size option)
)
\c@part=\count79
\c@section=\count80
\c@subsection=\count81
\c@subsubsection=\count82
\c@paragraph=\count83
\c@subparagraph=\count84
\c@figure=\count85
\c@table=\count86
\abovecaptionskip=\skip41
\belowcaptionskip=\skip42
\bibindent=\dimen102
) (/usr/local/texlive/2017/texmf-dist/tex/latex/tools/tabularx.sty
Package: tabularx 2016/02/03 v2.11 `tabularx' package (DPC)
 (/usr/local/texlive/2017/texmf-dist/tex/latex/tools/array.sty
Package: array 2016/10/06 v2.4d Tabular extension package (FMi)
\col@sep=\dimen103
\extrarowheight=\dimen104
\NC@list=\toks14
\extratabsurround=\skip43
\backup@length=\skip44
)
\TX@col@width=\dimen105
\TX@old@table=\dimen106
\TX@old@col=\dimen107
\TX@target=\dimen108
\TX@delta=\dimen109
\TX@cols=\count87
\TX@ftn=\toks15
) (/usr/local/texlive/2017/texmf-dist/tex/latex/graphics/graphicx.sty
Package: graphicx 2014/10/28 v1.0g Enhanced LaTeX Graphics (DPC,SPQR)
 (/usr/local/texlive/2017/texmf-dist/tex/latex/graphics/keyval.sty
Package: keyval 2014/10/28 v1.15 key=value parser (DPC)
\KV@toks@=\toks16
) (/usr/local/texlive/2017/texmf-dist/tex/latex/graphics/graphics.sty
Package: graphics 2017/04/14 v1.1b Standard LaTeX Graphics (DPC,SPQR)
 (/usr/local/texlive/2017/texmf-dist/tex/latex/graphics/trig.sty
Package: trig 2016/01/03 v1.10 sin cos tan (DPC)
) (/usr/local/texlive/2017/texmf-dist/tex/latex/graphics-cfg/graphics.cfg
File: graphics.cfg 2016/06/04 v1.11 sample graphics configuration
)
Package graphics Info: Driver file: xetex.def on input line 99.
 (/usr/local/texlive/2017/texmf-dist/tex/latex/graphics-def/xetex.def
File: xetex.def 2016/07/11 v4.10 LaTeX color/graphics driver for XeTeX (L3/RRM/JK)
))
\Gin@req@height=\dimen110
\Gin@req@width=\dimen111
) (/usr/local/texlive/2017/texmf-dist/tex/latex/savetrees/savetrees.sty
Package: savetrees 2016/04/13 v2.4 Pack as much text as possible onto each page
 (/usr/local/texlive/2017/texmf-dist/tex/latex/xkeyval/xkeyval.sty
Package: xkeyval 2014/12/03 v2.7a package option processing (HA)
 (/usr/local/texlive/2017/texmf-dist/tex/generic/xkeyval/xkeyval.tex (/usr/local/texlive/2017/texmf-dist/tex/generic/xkeyval/xkvutils.tex
\XKV@toks=\toks17
\XKV@tempa@toks=\toks18
)
\XKV@depth=\count88
File: xkeyval.tex 2014/12/03 v2.7a key=value parser (HA)
)) (/usr/local/texlive/2017/texmf-dist/tex/generic/oberdiek/ifpdf.sty
Package: ifpdf 2017/03/15 v3.2 Provides the ifpdf switch
) (/usr/local/texlive/2017/texmf-dist/tex/generic/oberdiek/ifluatex.sty
Package: ifluatex 2016/05/16 v1.4 Provides the ifluatex switch (HO)
Package ifluatex Info: LuaTeX not detected.
)
\everypar=\toks19
) (/usr/local/texlive/2017/texmf-dist/tex/latex/tools/calc.sty
Package: calc 2014/10/28 v4.3 Infix arithmetic (KKT,FJ)
\calc@Acount=\count89
\calc@Bcount=\count90
\calc@Adimen=\dimen112
\calc@Bdimen=\dimen113
\calc@Askip=\skip45
\calc@Bskip=\skip46
LaTeX Info: Redefining \setlength on input line 80.
LaTeX Info: Redefining \addtolength on input line 81.
\calc@Ccount=\count91
\calc@Cskip=\skip47
) (/usr/local/texlive/2017/texmf-dist/tex/latex/hyperref/hyperref.sty
Package: hyperref 2017/03/14 v6.85a Hypertext links for LaTeX
 (/usr/local/texlive/2017/texmf-dist/tex/generic/oberdiek/hobsub-hyperref.sty
Package: hobsub-hyperref 2016/05/16 v1.14 Bundle oberdiek, subset hyperref (HO)
 (/usr/local/texlive/2017/texmf-dist/tex/generic/oberdiek/hobsub-generic.sty
Package: hobsub-generic 2016/05/16 v1.14 Bundle oberdiek, subset generic (HO)
Package: hobsub 2016/05/16 v1.14 Construct package bundles (HO)
Package: infwarerr 2016/05/16 v1.4 Providing info/warning/error messages (HO)
Package: ltxcmds 2016/05/16 v1.23 LaTeX kernel commands for general use (HO)
Package hobsub Info: Skipping package `ifluatex' (already loaded).
Package: ifvtex 2016/05/16 v1.6 Detect VTeX and its facilities (HO)
Package ifvtex Info: VTeX not detected.
Package: intcalc 2016/05/16 v1.2 Expandable calculations with integers (HO)
Package hobsub Info: Skipping package `ifpdf' (already loaded).
Package: etexcmds 2016/05/16 v1.6 Avoid name clashes with e-TeX commands (HO)
Package etexcmds Info: Could not find \expanded.
(etexcmds)             That can mean that you are not using pdfTeX 1.50 or
(etexcmds)             that some package has redefined \expanded.
(etexcmds)             In the latter case, load this package earlier.
Package: kvsetkeys 2016/05/16 v1.17 Key value parser (HO)
Package: kvdefinekeys 2016/05/16 v1.4 Define keys (HO)
Package: pdftexcmds 2017/03/19 v0.25 Utility functions of pdfTeX for LuaTeX (HO)
Package pdftexcmds Info: LuaTeX not detected.
Package pdftexcmds Info: pdfTeX >= 1.30 not detected.
Package pdftexcmds Info: \pdf@primitive is available.
Package pdftexcmds Info: \pdf@ifprimitive is available.
Package pdftexcmds Info: \pdfdraftmode not found.
Package: pdfescape 2016/05/16 v1.14 Implements pdfTeX's escape features (HO)
Package: bigintcalc 2016/05/16 v1.4 Expandable calculations on big integers (HO)
Package: bitset 2016/05/16 v1.2 Handle bit-vector datatype (HO)
Package: uniquecounter 2016/05/16 v1.3 Provide unlimited unique counter (HO)
)
Package hobsub Info: Skipping package `hobsub' (already loaded).
Package: letltxmacro 2016/05/16 v1.5 Let assignment for LaTeX macros (HO)
Package: hopatch 2016/05/16 v1.3 Wrapper for package hooks (HO)
Package: xcolor-patch 2016/05/16 xcolor patch
Package: atveryend 2016/05/16 v1.9 Hooks at the very end of document (HO)
Package atveryend Info: \enddocument detected (standard20110627).
Package: atbegshi 2016/06/09 v1.18 At begin shipout hook (HO)
Package: refcount 2016/05/16 v3.5 Data extraction from label references (HO)
Package: hycolor 2016/05/16 v1.8 Color options for hyperref/bookmark (HO)
) (/usr/local/texlive/2017/texmf-dist/tex/generic/ifxetex/ifxetex.sty
Package: ifxetex 2010/09/12 v0.6 Provides ifxetex conditional
) (/usr/local/texlive/2017/texmf-dist/tex/latex/oberdiek/auxhook.sty
Package: auxhook 2016/05/16 v1.4 Hooks for auxiliary files (HO)
) (/usr/local/texlive/2017/texmf-dist/tex/latex/oberdiek/kvoptions.sty
Package: kvoptions 2016/05/16 v3.12 Key value format for package options (HO)
)
\@linkdim=\dimen114
\Hy@linkcounter=\count92
\Hy@pagecounter=\count93
 (/usr/local/texlive/2017/texmf-dist/tex/latex/hyperref/pd1enc.def
File: pd1enc.def 2017/03/14 v6.85a Hyperref: PDFDocEncoding definition (HO)
)
\Hy@SavedSpaceFactor=\count94
 (/usr/local/texlive/2017/texmf-dist/tex/latex/latexconfig/hyperref.cfg
File: hyperref.cfg 2002/06/06 v1.2 hyperref configuration of TeXLive
)
Package hyperref Info: Hyper figures OFF on input line 4498.
Package hyperref Info: Link nesting OFF on input line 4503.
Package hyperref Info: Hyper index ON on input line 4506.
Package hyperref Info: Plain pages OFF on input line 4513.
Package hyperref Info: Backreferencing OFF on input line 4518.
Package hyperref Info: Implicit mode ON; LaTeX internals redefined.
Package hyperref Info: Bookmarks ON on input line 4751.
\c@Hy@tempcnt=\count95
 (/usr/local/texlive/2017/texmf-dist/tex/latex/url/url.sty
\Urlmuskip=\muskip10
Package: url 2013/09/16  ver 3.4  Verb mode for urls, etc.
)
LaTeX Info: Redefining \url on input line 5104.
\XeTeXLinkMargin=\dimen115
\Fld@menulength=\count96
\Field@Width=\dimen116
\Fld@charsize=\dimen117
Package hyperref Info: Hyper figures OFF on input line 6358.
Package hyperref Info: Link nesting OFF on input line 6363.
Package hyperref Info: Hyper index ON on input line 6366.
Package hyperref Info: backreferencing OFF on input line 6373.
Package hyperref Info: Link coloring OFF on input line 6378.
Package hyperref Info: Link coloring with OCG OFF on input line 6383.
Package hyperref Info: PDF/A mode OFF on input line 6388.
LaTeX Info: Redefining \ref on input line 6428.
LaTeX Info: Redefining \pageref on input line 6432.
\Hy@abspage=\count97
\c@Item=\count98
\c@Hfootnote=\count99
)

Package hyperref Message: Driver (autodetected): hxetex.

(/usr/local/texlive/2017/texmf-dist/tex/latex/hyperref/hxetex.def
File: hxetex.def 2017/03/14 v6.85a Hyperref driver for XeTeX
 (/usr/local/texlive/2017/texmf-dist/tex/latex/hyperref/puenc.def
File: puenc.def 2017/03/14 v6.85a Hyperref: PDF Unicode definition (HO)
) (/usr/local/texlive/2017/texmf-dist/tex/generic/oberdiek/stringenc.sty
Package: stringenc 2016/05/16 v1.11 Convert strings between diff. encodings (HO)
)
\pdfm@box=\box26
\c@Hy@AnnotLevel=\count100
\HyField@AnnotCount=\count101
\Fld@listcount=\count102
\c@bookmark@seq@number=\count103
 (/usr/local/texlive/2017/texmf-dist/tex/latex/oberdiek/rerunfilecheck.sty
Package: rerunfilecheck 2016/05/16 v1.8 Rerun checks for auxiliary files (HO)
Package rerunfilecheck Info: Feature \pdfmdfivesum is not available
(rerunfilecheck)             (e.g. pdfTeX or LuaTeX with package `pdftexcmds').
(rerunfilecheck)             Therefore file contents cannot be checked efficiently
(rerunfilecheck)             and the loading of the package is aborted.
)
\Hy@SectionHShift=\skip48
) (/usr/local/texlive/2017/texmf-dist/tex/latex/float/float.sty
Package: float 2001/11/08 v1.3d Float enhancements (AL)
\c@float@type=\count104
\float@exts=\toks20
\float@box=\box27
\@float@everytoks=\toks21
\@floatcapt=\box28
) (/usr/local/texlive/2017/texmf-dist/tex/latex/graphics/rotating.sty
Package: rotating 2016/08/11 v2.16d rotated objects in LaTeX
 (/usr/local/texlive/2017/texmf-dist/tex/latex/base/ifthen.sty
Package: ifthen 2014/09/29 v1.1c Standard LaTeX ifthen package (DPC)
)
\c@r@tfl@t=\count105
\rotFPtop=\skip49
\rotFPbot=\skip50
\rot@float@box=\box29
\rot@mess@toks=\toks22
)
Package hyperref Info: Option `colorlinks' set `true' on input line 16.
 (/usr/local/texlive/2017/texmf-dist/tex/latex/oberdiek/bookmark.sty
Package: bookmark 2016/05/17 v1.26 PDF bookmarks (HO)
 (/usr/local/texlive/2017/texmf-dist/tex/latex/oberdiek/bkm-dvipdfm.def
File: bkm-dvipdfm.def 2016/05/17 v1.26 bookmark driver for dvipdfm (HO)
\BKM@id=\count106
)) (/usr/local/texlive/2017/texmf-dist/tex/latex/microtype/microtype.sty
Package: microtype 2016/05/14 v2.6a Micro-typographical refinements (RS)
\MT@toks=\toks23
\MT@count=\count107
LaTeX Info: Redefining \textls on input line 774.
\MT@outer@kern=\dimen118
LaTeX Info: Redefining \textmicrotypecontext on input line 1310.
\MT@listname@count=\count108
 (/usr/local/texlive/2017/texmf-dist/tex/latex/microtype/microtype-xetex.def
File: microtype-xetex.def 2016/05/14 v2.6a Definitions specific to xetex (RS)
LaTeX Info: Redefining \lsstyle on input line 255.
)
Package microtype Info: Loading configuration file microtype.cfg.
 (/usr/local/texlive/2017/texmf-dist/tex/latex/microtype/microtype.cfg
File: microtype.cfg 2016/05/14 v2.6a microtype main configuration file (RS)
)) (/usr/local/texlive/2017/texmf-dist/tex/latex/ms/ragged2e.sty
Package: ragged2e 2009/05/21 v2.1 ragged2e Package (MS)
 (/usr/local/texlive/2017/texmf-dist/tex/latex/ms/everysel.sty
Package: everysel 2011/10/28 v1.2 EverySelectfont Package (MS)
)
\CenteringLeftskip=\skip51
\RaggedLeftLeftskip=\skip52
\RaggedRightLeftskip=\skip53
\CenteringRightskip=\skip54
\RaggedLeftRightskip=\skip55
\RaggedRightRightskip=\skip56
\CenteringParfillskip=\skip57
\RaggedLeftParfillskip=\skip58
\RaggedRightParfillskip=\skip59
\JustifyingParfillskip=\skip60
\CenteringParindent=\skip61
\RaggedLeftParindent=\skip62
\RaggedRightParindent=\skip63
\JustifyingParindent=\skip64
) (/usr/local/texlive/2017/texmf-dist/tex/latex/fontspec/fontspec.sty (/usr/local/texlive/2017/texmf-dist/tex/latex/l3kernel/expl3.sty
Package: expl3 2017/05/13 L3 programming layer (loader) 
 (/usr/local/texlive/2017/texmf-dist/tex/latex/l3kernel/expl3-code.tex
Package: expl3 2017/05/13 L3 programming layer (code)
\c_max_int=\count109
\l_tmpa_int=\count110
\l_tmpb_int=\count111
\g_tmpa_int=\count112
\g_tmpb_int=\count113
\g__prg_map_int=\count114
\c_log_iow=\count115
\l_iow_line_count_int=\count116
\l__iow_line_target_int=\count117
\l__iow_one_indent_int=\count118
\l__iow_indent_int=\count119
\c_zero_dim=\dimen119
\c_max_dim=\dimen120
\l_tmpa_dim=\dimen121
\l_tmpb_dim=\dimen122
\g_tmpa_dim=\dimen123
\g_tmpb_dim=\dimen124
\c_zero_skip=\skip65
\c_max_skip=\skip66
\l_tmpa_skip=\skip67
\l_tmpb_skip=\skip68
\g_tmpa_skip=\skip69
\g_tmpb_skip=\skip70
\c_zero_muskip=\muskip11
\c_max_muskip=\muskip12
\l_tmpa_muskip=\muskip13
\l_tmpb_muskip=\muskip14
\g_tmpa_muskip=\muskip15
\g_tmpb_muskip=\muskip16
\l_keys_choice_int=\count120
\c__fp_leading_shift_int=\count121
\c__fp_middle_shift_int=\count122
\c__fp_trailing_shift_int=\count123
\c__fp_big_leading_shift_int=\count124
\c__fp_big_middle_shift_int=\count125
\c__fp_big_trailing_shift_int=\count126
\c__fp_Bigg_leading_shift_int=\count127
\c__fp_Bigg_middle_shift_int=\count128
\c__fp_Bigg_trailing_shift_int=\count129
\l__sort_length_int=\count130
\l__sort_min_int=\count131
\l__sort_top_int=\count132
\l__sort_max_int=\count133
\l__sort_true_max_int=\count134
\l__sort_block_int=\count135
\l__sort_begin_int=\count136
\l__sort_end_int=\count137
\l__sort_A_int=\count138
\l__sort_B_int=\count139
\l__sort_C_int=\count140
\c_empty_box=\box30
\l_tmpa_box=\box31
\l_tmpb_box=\box32
\g_tmpa_box=\box33
\g_tmpb_box=\box34
\l__box_top_dim=\dimen125
\l__box_bottom_dim=\dimen126
\l__box_left_dim=\dimen127
\l__box_right_dim=\dimen128
\l__box_top_new_dim=\dimen129
\l__box_bottom_new_dim=\dimen130
\l__box_left_new_dim=\dimen131
\l__box_right_new_dim=\dimen132
\l__box_internal_box=\box35
\l__coffin_internal_box=\box36
\l__coffin_internal_dim=\dimen133
\l__coffin_offset_x_dim=\dimen134
\l__coffin_offset_y_dim=\dimen135
\l__coffin_x_dim=\dimen136
\l__coffin_y_dim=\dimen137
\l__coffin_x_prime_dim=\dimen138
\l__coffin_y_prime_dim=\dimen139
\c_empty_coffin=\box37
\l__coffin_aligned_coffin=\box38
\l__coffin_aligned_internal_coffin=\box39
\l_tmpa_coffin=\box40
\l_tmpb_coffin=\box41
\l__coffin_display_coffin=\box42
\l__coffin_display_coord_coffin=\box43
\l__coffin_display_pole_coffin=\box44
\l__coffin_display_offset_dim=\dimen140
\l__coffin_display_x_dim=\dimen141
\l__coffin_display_y_dim=\dimen142
\l__coffin_bounding_shift_dim=\dimen143
\l__coffin_left_corner_dim=\dimen144
\l__coffin_right_corner_dim=\dimen145
\l__coffin_bottom_corner_dim=\dimen146
\l__coffin_top_corner_dim=\dimen147
\l__coffin_scaled_total_height_dim=\dimen148
\l__coffin_scaled_width_dim=\dimen149
) (/usr/local/texlive/2017/texmf-dist/tex/latex/l3kernel/l3xdvipdfmx.def
File: l3xdvidpfmx.def 2017/03/18 v L3 Experimental driver: xdvipdfmx
\l__driver_tmp_box=\box45
)) (/usr/local/texlive/2017/texmf-dist/tex/latex/l3packages/xparse/xparse.sty
Package: xparse 2017/05/13 L3 Experimental document command parser
\l__xparse_current_arg_int=\count141
\g__xparse_grabber_int=\count142
\l__xparse_m_args_int=\count143
\l__xparse_mandatory_args_int=\count144
\l__xparse_v_nesting_int=\count145
)
Package: fontspec 2017/03/31 v2.6a Font selection for XeLaTeX and LuaLaTeX
 (/usr/local/texlive/2017/texmf-dist/tex/latex/fontspec/fontspec-xetex.sty
Package: fontspec-xetex 2017/03/31 v2.6a Font selection for XeLaTeX and LuaLaTeX
\l__fontspec_script_int=\count146
\l__fontspec_language_int=\count147
\l__fontspec_strnum_int=\count148
\l__fontspec_tmp_int=\count149
\l__fontspec_em_int=\count150
\l__fontspec_emdef_int=\count151
\l__fontspec_strong_int=\count152
\l__fontspec_strongdef_int=\count153
\l__fontspec_tmpa_dim=\dimen150
\l__fontspec_tmpb_dim=\dimen151
\l__fontspec_tmpc_dim=\dimen152
\g__file_internal_ior=\read1
 (/usr/local/texlive/2017/texmf-dist/tex/latex/base/fontenc.sty
Package: fontenc 2017/04/05 v2.0i Standard LaTeX package
 (/usr/local/texlive/2017/texmf-dist/tex/latex/base/tuenc.def
File: tuenc.def 2017/04/05 v2.0i Standard LaTeX file
LaTeX Font Info:    Redeclaring font encoding TU on input line 82.
))
.................................................
. LaTeX info: "xparse/define-command"
. 
. Defining command \fontspec with sig. 'O{}mO{}' on line 472.
.................................................
.................................................
. LaTeX info: "xparse/define-command"
. 
. Defining command \setmainfont with sig. 'O{}mO{}' on line 483.
.................................................
.................................................
. LaTeX info: "xparse/define-command"
. 
. Defining command \setsansfont with sig. 'O{}mO{}' on line 503.
.................................................
.................................................
. LaTeX info: "xparse/define-command"
. 
. Defining command \setmonofont with sig. 'O{}mO{}' on line 523.
.................................................
.................................................
. LaTeX info: "xparse/define-command"
. 
. Defining command \setromanfont with sig. 'O{}mO{}' on line 543.
.................................................
.................................................
. LaTeX info: "xparse/define-command"
. 
. Defining command \setmathrm with sig. 'O{}mO{}' on line 547.
.................................................
.................................................
. LaTeX info: "xparse/define-command"
. 
. Defining command \setboldmathrm with sig. 'O{}mO{}' on line 555.
.................................................
.................................................
. LaTeX info: "xparse/define-command"
. 
. Defining command \setmathsf with sig. 'O{}mO{}' on line 563.
.................................................
.................................................
. LaTeX info: "xparse/define-command"
. 
. Defining command \setmathtt with sig. 'O{}mO{}' on line 571.
.................................................
.................................................
. LaTeX info: "xparse/define-command"
. 
. Defining command \newfontfamily with sig. 'mO{}mO{}' on line 586.
.................................................
.................................................
. LaTeX info: "xparse/define-command"
. 
. Defining command \newfontface with sig. 'mO{}mO{}' on line 603.
.................................................
.................................................
. LaTeX info: "xparse/define-command"
. 
. Defining command \defaultfontfeatures with sig. 't+om' on line 614.
.................................................
.................................................
. LaTeX info: "xparse/define-command"
. 
. Defining command \addfontfeatures with sig. 'm' on line 645.
.................................................
.................................................
. LaTeX info: "xparse/define-command"
. 
. Defining command \newfontfeature with sig. 'mm' on line 672.
.................................................
.................................................
. LaTeX info: "xparse/define-command"
. 
. Defining command \newAATfeature with sig. 'mmmm' on line 686.
.................................................
.................................................
. LaTeX info: "xparse/define-command"
. 
. Defining command \newopentypefeature with sig. 'mmm' on line 700.
.................................................
.................................................
. LaTeX info: "xparse/define-command"
. 
. Defining command \newICUfeature with sig. 'mmm' on line 720.
.................................................
.................................................
. LaTeX info: "xparse/define-command"
. 
. Defining command \aliasfontfeature with sig. 'mm' on line 724.
.................................................
.................................................
. LaTeX info: "xparse/define-command"
. 
. Defining command \aliasfontfeatureoption with sig. 'mmm' on line 745.
.................................................
.................................................
. LaTeX info: "xparse/define-command"
. 
. Defining command \newfontscript with sig. 'mm' on line 778.
.................................................
.................................................
. LaTeX info: "xparse/define-command"
. 
. Defining command \newfontlanguage with sig. 'mm' on line 782.
.................................................
.................................................
. LaTeX info: "xparse/define-command"
. 
. Defining command \DeclareFontsExtensions with sig. 'm' on line 786.
.................................................
.................................................
. LaTeX info: "xparse/define-command"
. 
. Defining command \IfFontFeatureActiveTF with sig. 'mmm' on line 797.
.................................................
.................................................
. LaTeX info: "xparse/define-command"
. 
. Defining command \EncodingCommand with sig. 'mO{}m' on line 3438.
.................................................
.................................................
. LaTeX info: "xparse/define-command"
. 
. Defining command \EncodingAccent with sig. 'mm' on line 3444.
.................................................
.................................................
. LaTeX info: "xparse/define-command"
. 
. Defining command \EncodingSymbol with sig. 'mm' on line 3450.
.................................................
.................................................
. LaTeX info: "xparse/define-command"
. 
. Defining command \EncodingComposite with sig. 'mmm' on line 3456.
.................................................
.................................................
. LaTeX info: "xparse/define-command"
. 
. Defining command \EncodingCompositeCommand with sig. 'mmm' on line 3462.
.................................................
.................................................
. LaTeX info: "xparse/define-command"
. 
. Defining command \DeclareUnicodeEncoding with sig. 'mm' on line 3487.
.................................................
.................................................
. LaTeX info: "xparse/define-command"
. 
. Defining command \UndeclareSymbol with sig. 'm' on line 3493.
.................................................
.................................................
. LaTeX info: "xparse/define-command"
. 
. Defining command \UndeclareComposite with sig. 'mm' on line 3501.
.................................................
 (/usr/local/texlive/2017/texmf-dist/tex/latex/fontspec/fontspec.cfg)
LaTeX Info: Redefining \itshape on input line 3686.
LaTeX Info: Redefining \slshape on input line 3691.
LaTeX Info: Redefining \scshape on input line 3696.
LaTeX Info: Redefining \upshape on input line 3701.
LaTeX Info: Redefining \em on input line 3731.
LaTeX Info: Redefining \emph on input line 3756.
LaTeX Info: Redefining \- on input line 3807.
.................................................
. LaTeX info: "xparse/redefine-command"
. 
. Redefining command \oldstylenums with sig. 'm' on line 3902.
.................................................
.................................................
. LaTeX info: "xparse/define-command"
. 
. Defining command \liningnums with sig. 'm' on line 3906.
.................................................
))
.................................................
. fontspec info: "set-scale"
. 
. Adobe Caslon Pro scale = 1.041061726195778.
.................................................
\g__fontspec_family_AdobeCaslonPro_int=\count154
.................................................
. fontspec info: "set-scale"
. 
. Adobe Caslon Pro scale = 1.041061726195778.
.................................................
.................................................
. fontspec info: "set-scale"
. 
. Adobe Caslon Pro scale = 1.041061726195778.
.................................................
.................................................
. fontspec info: "set-scale"
. 
. Adobe Caslon Pro/B scale = 1.041061726195778.
.................................................
.................................................
. fontspec info: "set-scale"
. 
. Adobe Caslon Pro/B scale = 1.041061726195778.
.................................................
.................................................
. fontspec info: "set-scale"
. 
. Adobe Caslon Pro/I scale = 1.041061726195778.
.................................................
.................................................
. fontspec info: "set-scale"
. 
. Adobe Caslon Pro/BI scale = 1.041061726195778.
.................................................
.................................................
. fontspec info: "defining-font"
. 
. Font family 'AdobeCaslonPro(0)' created for font 'Adobe Caslon Pro' with
. options [Mapping=tex-text,Scale=MatchLowercase,Ligatures=TeX].
.  
.  This font family consists of the following NFSS series/shapes:
.  
. - 'normal' (m/n) with NFSS spec.: <->s*[1.041061726195778]"Adobe Caslon
. Pro/OT:script=latn;language=DFLT;mapping=tex-text;"
. - 'small caps'  (m/sc) with NFSS spec.: <->s*[1.041061726195778]"Adobe
. Caslon Pro/OT:script=latn;language=DFLT;+smcp;mapping=tex-text;"
. - 'bold' (bx/n) with NFSS spec.: <->s*[1.041061726195778]"Adobe Caslon
. Pro/B/OT:script=latn;language=DFLT;mapping=tex-text;"
. - 'bold small caps'  (bx/sc) with NFSS spec.: <->s*[1.041061726195778]"Adobe
. Caslon Pro/B/OT:script=latn;language=DFLT;+smcp;mapping=tex-text;"
. - 'italic' (m/it) with NFSS spec.: <->s*[1.041061726195778]"Adobe Caslon
. Pro/I/OT:script=latn;language=DFLT;mapping=tex-text;"
. - 'italic small caps'  (m/itsc) with NFSS spec.: 
. - 'bold italic' (bx/it) with NFSS spec.: <->s*[1.041061726195778]"Adobe
. Caslon Pro/BI/OT:script=latn;language=DFLT;mapping=tex-text;"
. - 'bold italic small caps'  (bx/itsc) with NFSS spec.: 
.................................................
LaTeX Info: Redefining \rmfamily on input line 28.
LaTeX Font Info:    Font shape `TU/AdobeCaslonPro(0)/m/n' will be
(Font)              scaled to size 12.49274pt on input line 28.
.................................................
. fontspec info: "no-scripts"
. 
. Font "Avenir Medium" does not contain any OpenType `Script' information.
.................................................
.................................................
. fontspec info: "set-scale"
. 
. Avenir Medium scale = 0.9092816194479692.
.................................................
\g__fontspec_family_AvenirMedium_int=\count155
.................................................
. fontspec info: "set-scale"
. 
. Avenir Medium scale = 0.9092816194479692.
.................................................
.................................................
. fontspec info: "set-scale"
. 
. Avenir Medium/B scale = 0.8868306619990267.
.................................................
.................................................
. fontspec info: "set-scale"
. 
. Avenir Medium/I scale = 0.9092816194479692.
.................................................
.................................................
. fontspec info: "set-scale"
. 
. Avenir Medium/BI scale = 0.8868306619990267.
.................................................
.................................................
. fontspec info: "defining-font"
. 
. Font family 'AvenirMedium(0)' created for font 'Avenir Medium' with options
. [Mapping=tex-text,Scale=MatchLowercase,Ligatures=TeX].
.  
.  This font family consists of the following NFSS series/shapes:
.  
. - 'normal' (m/n) with NFSS spec.: <->s*[0.9092816194479692]"Avenir
. Medium/OT:mapping=tex-text;"
. - 'small caps'  (m/sc) with NFSS spec.: 
. - 'bold' (bx/n) with NFSS spec.: <->s*[0.8868306619990267]"Avenir
. Medium/B/OT:mapping=tex-text;"
. - 'bold small caps'  (bx/sc) with NFSS spec.: 
. - 'italic' (m/it) with NFSS spec.: <->s*[0.9092816194479692]"Avenir
. Medium/I/OT:mapping=tex-text;"
. - 'italic small caps'  (m/itsc) with NFSS spec.: 
. - 'bold italic' (bx/it) with NFSS spec.: <->s*[0.8868306619990267]"Avenir
. Medium/BI/OT:mapping=tex-text;"
. - 'bold italic small caps'  (bx/itsc) with NFSS spec.: 
.................................................
LaTeX Info: Redefining \sffamily on input line 29.
 (/usr/local/texlive/2017/texmf-dist/tex/generic/babel/babel.sty
Package: babel 2017/05/19 3.10 The Babel package
 (/usr/local/texlive/2017/texmf-dist/tex/generic/babel-english/british.ldf
Language: british 2017/01/24 v3.3q English support from the babel system
 (/usr/local/texlive/2017/texmf-dist/tex/generic/babel-english/english.ldf
Language: english 2017/01/24 v3.3q English support from the babel system
 (/usr/local/texlive/2017/texmf-dist/tex/generic/babel/babel.def
File: babel.def 2017/05/19 3.10 Babel common definitions
\babel@savecnt=\count156
\U@D=\dimen153
 (/usr/local/texlive/2017/texmf-dist/tex/generic/babel/xebabel.def))
\l@canadian = a dialect from \language\l@american 
\l@australian = a dialect from \language\l@british 
\l@newzealand = a dialect from \language\l@british 
))) (/usr/local/texlive/2017/texmf-dist/tex/latex/csquotes/csquotes.sty
Package: csquotes 2017/03/11 v5.2b context-sensitive quotations (JAW)

(/usr/local/texlive/2017/texmf-dist/tex/latex/etoolbox/etoolbox.sty
Package: etoolbox 2017/01/02 v2.4 e-TeX tools for LaTeX (JAW)
\etb@tempcnta=\count157
)
\csq@reset=\count158
\csq@gtype=\count159
\csq@glevel=\count160
\csq@qlevel=\count161
\csq@maxlvl=\count162
\csq@tshold=\count163
\csq@ltx@everypar=\toks24
 (/usr/local/texlive/2017/texmf-dist/tex/latex/csquotes/csquotes.def
File: csquotes.def 2017/03/11 v5.2b csquotes generic definitions (JAW)
)
Package csquotes Info: Trying to load configuration file 'csquotes.cfg'...
Package csquotes Info: ... configuration file loaded successfully.
 (/usr/local/texlive/2017/texmf-dist/tex/latex/csquotes/csquotes.cfg
File: csquotes.cfg 
)
Package csquotes Info: Enabling multilingual quotes.
) (/usr/local/texlive/2017/texmf-dist/tex/latex/biblatex/biblatex.sty
Package: biblatex 2016/12/05 v3.7 programmable bibliographies (PK/JW/AB)
 (/usr/local/texlive/2017/texmf-dist/tex/latex/logreq/logreq.sty
Package: logreq 2010/08/04 v1.0 xml request logger
\lrq@indent=\count164
 (/usr/local/texlive/2017/texmf-dist/tex/latex/logreq/logreq.def
File: logreq.def 2010/08/04 v1.0 logreq spec v1.0
)) (/usr/local/texlive/2017/texmf-dist/tex/generic/xstring/xstring.sty (/usr/local/texlive/2017/texmf-dist/tex/generic/xstring/xstring.tex
\@xs@message=\write3
\integerpart=\count165
\decimalpart=\count166
)
Package: xstring 2013/10/13  v1.7c  String manipulations (C Tellechea)
)
\c@tabx@nest=\count167
\c@listtotal=\count168
\c@listcount=\count169
\c@liststart=\count170
\c@liststop=\count171
\c@citecount=\count172
\c@citetotal=\count173
\c@multicitecount=\count174
\c@multicitetotal=\count175
\c@instcount=\count176
\c@maxnames=\count177
\c@minnames=\count178
\c@maxitems=\count179
\c@minitems=\count180
\c@citecounter=\count181
\c@savedcitecounter=\count182
\c@uniquelist=\count183
\c@uniquename=\count184
\c@refsection=\count185
\c@refsegment=\count186
\c@maxextratitle=\count187
\c@maxextratitleyear=\count188
\c@maxextrayear=\count189
\c@maxextraalpha=\count190
\c@abbrvpenalty=\count191
\c@highnamepenalty=\count192
\c@lownamepenalty=\count193
\c@maxparens=\count194
\c@parenlevel=\count195
\blx@tempcnta=\count196
\blx@tempcntb=\count197
\blx@tempcntc=\count198
\blx@maxsection=\count199
\blx@maxsegment@0=\count266
\blx@notetype=\count267
\blx@parenlevel@text=\count268
\blx@parenlevel@foot=\count269
\blx@sectionciteorder@0=\count270
\labelnumberwidth=\skip71
\labelalphawidth=\skip72
\biblabelsep=\skip73
\bibitemsep=\skip74
\bibnamesep=\skip75
\bibinitsep=\skip76
\bibparsep=\skip77
\bibhang=\skip78
\blx@bcfin=\read2
\blx@bcfout=\write4
\c@mincomprange=\count271
\c@maxcomprange=\count272
\c@mincompwidth=\count273
Package biblatex Info: Trying to load biblatex default data model...
Package biblatex Info: ... file 'blx-dm.def' found.
 (/usr/local/texlive/2017/texmf-dist/tex/latex/biblatex/blx-dm.def)
Package biblatex Info: Trying to load biblatex style data model...
Package biblatex Info: ... file 'authoryear-comp.dbx' not found.
Package biblatex Info: Trying to load biblatex custom data model...
Package biblatex Info: ... file 'biblatex-dm.cfg' not found.
\c@afterword=\count274
\c@savedafterword=\count275
\c@annotator=\count276
\c@savedannotator=\count277
\c@author=\count278
\c@savedauthor=\count279
\c@bookauthor=\count280
\c@savedbookauthor=\count281
\c@commentator=\count282
\c@savedcommentator=\count283
\c@editor=\count284
\c@savededitor=\count285
\c@editora=\count286
\c@savededitora=\count287
\c@editorb=\count288
\c@savededitorb=\count289
\c@editorc=\count290
\c@savededitorc=\count291
\c@foreword=\count292
\c@savedforeword=\count293
\c@holder=\count294
\c@savedholder=\count295
\c@introduction=\count296
\c@savedintroduction=\count297
\c@namea=\count298
\c@savednamea=\count299
\c@nameb=\count300
\c@savednameb=\count301
\c@namec=\count302
\c@savednamec=\count303
\c@translator=\count304
\c@savedtranslator=\count305
\c@shortauthor=\count306
\c@savedshortauthor=\count307
\c@shorteditor=\count308
\c@savedshorteditor=\count309
\c@labelname=\count310
\c@savedlabelname=\count311
\c@institution=\count312
\c@savedinstitution=\count313
\c@lista=\count314
\c@savedlista=\count315
\c@listb=\count316
\c@savedlistb=\count317
\c@listc=\count318
\c@savedlistc=\count319
\c@listd=\count320
\c@savedlistd=\count321
\c@liste=\count322
\c@savedliste=\count323
\c@listf=\count324
\c@savedlistf=\count325
\c@location=\count326
\c@savedlocation=\count327
\c@organization=\count328
\c@savedorganization=\count329
\c@origlocation=\count330
\c@savedoriglocation=\count331
\c@origpublisher=\count332
\c@savedorigpublisher=\count333
\c@publisher=\count334
\c@savedpublisher=\count335
\c@language=\count336
\c@savedlanguage=\count337
\c@pageref=\count338
\c@savedpageref=\count339
\shorthandwidth=\skip79
\shortjournalwidth=\skip80
\shortserieswidth=\skip81
\shorttitlewidth=\skip82
\shortauthorwidth=\skip83
\shorteditorwidth=\skip84
Package biblatex Info: Trying to load compatibility code...
Package biblatex Info: ... file 'blx-compat.def' found.
 (/usr/local/texlive/2017/texmf-dist/tex/latex/biblatex/blx-compat.def
File: blx-compat.def 2016/12/05 v3.7 biblatex compatibility (PK/JW/AB)
)
Package biblatex Info: Trying to load generic definitions...
Package biblatex Info: ... file 'biblatex.def' found.
 (/usr/local/texlive/2017/texmf-dist/tex/latex/biblatex/biblatex.def
File: biblatex.def 2016/12/05 v3.7 biblatex compatibility (PK/JW/AB)
\c@textcitecount=\count340
\c@textcitetotal=\count341
\c@textcitemaxnames=\count342
\c@biburlnumpenalty=\count343
\c@biburlucpenalty=\count344
\c@biburllcpenalty=\count345
\c@smartand=\count346
)
Package biblatex Info: Trying to load bibliography style 'authoryear-comp'...
Package biblatex Info: ... file 'authoryear-comp.bbx' found.
 (/usr/local/texlive/2017/texmf-dist/tex/latex/biblatex/bbx/authoryear-comp.bbx
File: authoryear-comp.bbx 2016/12/05 v3.7 biblatex bibliography style (PK/JW/AB)
Package biblatex Info: Trying to load bibliography style 'authoryear'...
Package biblatex Info: ... file 'authoryear.bbx' found.
 (/usr/local/texlive/2017/texmf-dist/tex/latex/biblatex/bbx/authoryear.bbx
File: authoryear.bbx 2016/12/05 v3.7 biblatex bibliography style (PK/JW/AB)
Package biblatex Info: Trying to load bibliography style 'standard'...
Package biblatex Info: ... file 'standard.bbx' found.
 (/usr/local/texlive/2017/texmf-dist/tex/latex/biblatex/bbx/standard.bbx
File: standard.bbx 2016/12/05 v3.7 biblatex bibliography style (PK/JW/AB)
\c@bbx:relatedcount=\count347
\c@bbx:relatedtotal=\count348
)))
Package biblatex Info: Trying to load citation style 'authoryear-comp'...
Package biblatex Info: ... file 'authoryear-comp.cbx' found.
 (/usr/local/texlive/2017/texmf-dist/tex/latex/biblatex/cbx/authoryear-comp.cbx
File: authoryear-comp.cbx 2016/12/05 v3.7 biblatex citation style (PK/JW/AB)
Package biblatex Info: Redefining '\cite'.
Package biblatex Info: Redefining '\parencite'.
Package biblatex Info: Redefining '\footcite'.
Package biblatex Info: Redefining '\footcitetext'.
Package biblatex Info: Redefining '\smartcite'.
Package biblatex Info: Redefining '\textcite'.
Package biblatex Info: Redefining '\textcites'.
Package biblatex Info: Redefining '\cites'.
Package biblatex Info: Redefining '\parencites'.
Package biblatex Info: Redefining '\footcites'.
Package biblatex Info: Redefining '\footcitetexts'.
Package biblatex Info: Redefining '\smartcites'.
)
Package biblatex Info: Trying to load configuration file...
Package biblatex Info: ... file 'biblatex.cfg' found.
 (/usr/local/texlive/2017/texmf-dist/tex/latex/biblatex/biblatex.cfg
File: biblatex.cfg 
))
Package csquotes Info: Checking for multilingual support...
Package csquotes Info: ... found 'babel' package.
Package biblatex Info: Trying to load language 'british' -> 'british-apa'...
Package biblatex Info: ... file 'british-apa.lbx' found.
 (/usr/local/texlive/2017/texmf-dist/tex/latex/biblatex-apa/british-apa.lbx
File: british-apa.lbx 2017/01/06 v7.4 APA biblatex localisation
Package biblatex Info: Trying to load language 'british'...
Package biblatex Info: ... file 'british.lbx' found.
 (/usr/local/texlive/2017/texmf-dist/tex/latex/biblatex/lbx/british.lbx
File: british.lbx 2016/12/05 v3.7 biblatex localization (PK/JW/AB)
Package biblatex Info: Trying to load language 'english'...
Package biblatex Info: ... file 'english.lbx' found.
 (/usr/local/texlive/2017/texmf-dist/tex/latex/biblatex/lbx/english.lbx
File: english.lbx 2016/12/05 v3.7 biblatex localization (PK/JW/AB)
))) (/Users/evanodell/Documents/GitHub/lonely-schools/preprint/.texpadtmp/Lonely_Schools_Odell_2017_AM.aux)
\openout1 = `Lonely_Schools_Odell_2017_AM.aux'.

LaTeX Font Info:    Checking defaults for OML/cmm/m/it on input line 84.
LaTeX Font Info:    ... okay on input line 84.
LaTeX Font Info:    Checking defaults for T1/cmr/m/n on input line 84.
LaTeX Font Info:    ... okay on input line 84.
LaTeX Font Info:    Checking defaults for OT1/cmr/m/n on input line 84.
LaTeX Font Info:    ... okay on input line 84.
LaTeX Font Info:    Checking defaults for OMS/cmsy/m/n on input line 84.
LaTeX Font Info:    ... okay on input line 84.
LaTeX Font Info:    Checking defaults for TU/lmr/m/n on input line 84.
LaTeX Font Info:    ... okay on input line 84.
LaTeX Font Info:    Checking defaults for OMX/cmex/m/n on input line 84.
LaTeX Font Info:    ... okay on input line 84.
LaTeX Font Info:    Checking defaults for U/cmr/m/n on input line 84.
LaTeX Font Info:    ... okay on input line 84.
LaTeX Font Info:    Checking defaults for PD1/pdf/m/n on input line 84.
LaTeX Font Info:    ... okay on input line 84.
LaTeX Font Info:    Checking defaults for PU/pdf/m/n on input line 84.
LaTeX Font Info:    ... okay on input line 84.
\AtBeginShipoutBox=\box46
 (/usr/local/texlive/2017/texmf-dist/tex/latex/graphics/color.sty
Package: color 2016/07/10 v1.1e Standard LaTeX Color (DPC)
 (/usr/local/texlive/2017/texmf-dist/tex/latex/graphics-cfg/color.cfg
File: color.cfg 2016/01/02 v1.6 sample color configuration
)
Package color Info: Driver file: xetex.def on input line 147.
)
Package hyperref Info: Link coloring ON on input line 84.
 (/usr/local/texlive/2017/texmf-dist/tex/latex/hyperref/nameref.sty
Package: nameref 2016/05/21 v2.44 Cross-referencing by name of section
 (/usr/local/texlive/2017/texmf-dist/tex/generic/oberdiek/gettitlestring.sty
Package: gettitlestring 2016/05/16 v1.5 Cleanup title references (HO)
)
\c@section@level=\count349
)
LaTeX Info: Redefining \ref on input line 84.
LaTeX Info: Redefining \pageref on input line 84.
LaTeX Info: Redefining \nameref on input line 84.
LaTeX Info: Redefining \microtypecontext on input line 84.
Package microtype Info: Character protrusion enabled (level 2).
Package microtype Info: Using default protrusion set `alltext'.
Package microtype Info: No adjustment of tracking.
Package microtype Info: No adjustment of spacing.
Package microtype Info: No adjustment of kerning.
Package microtype Info: Loading generic settings for font family
(microtype)             `AdobeCaslonPro' (encoding: TU).
(microtype)             For optimal results, create family-specific settings.
(microtype)             See the microtype manual for details.


Package microtype Warning: Unknown slot number of character
(microtype)                `\`A'
(microtype)                in font encoding `TU' in inheritance list
(microtype)                `microtype.cfg/358(protrusion)'.


Package microtype Warning: Unknown slot number of character
(microtype)                `\'A'
(microtype)                in font encoding `TU' in inheritance list
(microtype)                `microtype.cfg/358(protrusion)'.


Package microtype Warning: Unknown slot number of character
(microtype)                `\^A'
(microtype)                in font encoding `TU' in inheritance list
(microtype)                `microtype.cfg/358(protrusion)'.


Package microtype Warning: Unknown slot number of character
(microtype)                `\~A'
(microtype)                in font encoding `TU' in inheritance list
(microtype)                `microtype.cfg/358(protrusion)'.


Package microtype Warning: Unknown slot number of character
(microtype)                `\"A'
(microtype)                in font encoding `TU' in inheritance list
(microtype)                `microtype.cfg/358(protrusion)'.


Package microtype Warning: Unknown slot number of character
(microtype)                `\r A'
(microtype)                in font encoding `TU' in inheritance list
(microtype)                `microtype.cfg/358(protrusion)'.


Package microtype Warning: Unknown slot number of character
(microtype)                `\k A'
(microtype)                in font encoding `TU' in inheritance list
(microtype)                `microtype.cfg/358(protrusion)'.


Package microtype Warning: Unknown slot number of character
(microtype)                `\u A'
(microtype)                in font encoding `TU' in inheritance list
(microtype)                `microtype.cfg/358(protrusion)'.


Package microtype Warning: Unknown slot number of character
(microtype)                `\`a'
(microtype)                in font encoding `TU' in inheritance list
(microtype)                `microtype.cfg/358(protrusion)'.


Package microtype Warning: Unknown slot number of character
(microtype)                `\'a'
(microtype)                in font encoding `TU' in inheritance list
(microtype)                `microtype.cfg/358(protrusion)'.


Package microtype Warning: Unknown slot number of character
(microtype)                `\^a'
(microtype)                in font encoding `TU' in inheritance list
(microtype)                `microtype.cfg/358(protrusion)'.


Package microtype Warning: Unknown slot number of character
(microtype)                `\~a'
(microtype)                in font encoding `TU' in inheritance list
(microtype)                `microtype.cfg/358(protrusion)'.


Package microtype Warning: Unknown slot number of character
(microtype)                `\"a'
(microtype)                in font encoding `TU' in inheritance list
(microtype)                `microtype.cfg/358(protrusion)'.


Package microtype Warning: Unknown slot number of character
(microtype)                `\r a'
(microtype)                in font encoding `TU' in inheritance list
(microtype)                `microtype.cfg/358(protrusion)'.


Package microtype Warning: Unknown slot number of character
(microtype)                `\k a'
(microtype)                in font encoding `TU' in inheritance list
(microtype)                `microtype.cfg/358(protrusion)'.


Package microtype Warning: Unknown slot number of character
(microtype)                `\u a'
(microtype)                in font encoding `TU' in inheritance list
(microtype)                `microtype.cfg/358(protrusion)'.


Package microtype Warning: Unknown slot number of character
(microtype)                `\'C'
(microtype)                in font encoding `TU' in inheritance list
(microtype)                `microtype.cfg/358(protrusion)'.


Package microtype Warning: Unknown slot number of character
(microtype)                `\c C'
(microtype)                in font encoding `TU' in inheritance list
(microtype)                `microtype.cfg/358(protrusion)'.


Package microtype Warning: Unknown slot number of character
(microtype)                `\v C'
(microtype)                in font encoding `TU' in inheritance list
(microtype)                `microtype.cfg/358(protrusion)'.


Package microtype Warning: Unknown slot number of character
(microtype)                `\'c'
(microtype)                in font encoding `TU' in inheritance list
(microtype)                `microtype.cfg/358(protrusion)'.


Package microtype Warning: Unknown slot number of character
(microtype)                `\c c'
(microtype)                in font encoding `TU' in inheritance list
(microtype)                `microtype.cfg/358(protrusion)'.


Package microtype Warning: Unknown slot number of character
(microtype)                `\v c'
(microtype)                in font encoding `TU' in inheritance list
(microtype)                `microtype.cfg/358(protrusion)'.


Package microtype Warning: Unknown slot number of character
(microtype)                `\v D'
(microtype)                in font encoding `TU' in inheritance list
(microtype)                `microtype.cfg/358(protrusion)'.


Package microtype Warning: Unknown slot number of character
(microtype)                `\v d'
(microtype)                in font encoding `TU' in inheritance list
(microtype)                `microtype.cfg/358(protrusion)'.


Package microtype Warning: Unknown slot number of character
(microtype)                `\`E'
(microtype)                in font encoding `TU' in inheritance list
(microtype)                `microtype.cfg/358(protrusion)'.


Package microtype Warning: Unknown slot number of character
(microtype)                `\'E'
(microtype)                in font encoding `TU' in inheritance list
(microtype)                `microtype.cfg/358(protrusion)'.


Package microtype Warning: Unknown slot number of character
(microtype)                `\^E'
(microtype)                in font encoding `TU' in inheritance list
(microtype)                `microtype.cfg/358(protrusion)'.


Package microtype Warning: Unknown slot number of character
(microtype)                `\"E'
(microtype)                in font encoding `TU' in inheritance list
(microtype)                `microtype.cfg/358(protrusion)'.


Package microtype Warning: Unknown slot number of character
(microtype)                `\k E'
(microtype)                in font encoding `TU' in inheritance list
(microtype)                `microtype.cfg/358(protrusion)'.


Package microtype Warning: Unknown slot number of character
(microtype)                `\v E'
(microtype)                in font encoding `TU' in inheritance list
(microtype)                `microtype.cfg/358(protrusion)'.


Package microtype Warning: Unknown slot number of character
(microtype)                `\`e'
(microtype)                in font encoding `TU' in inheritance list
(microtype)                `microtype.cfg/358(protrusion)'.


Package microtype Warning: Unknown slot number of character
(microtype)                `\'e'
(microtype)                in font encoding `TU' in inheritance list
(microtype)                `microtype.cfg/358(protrusion)'.


Package microtype Warning: Unknown slot number of character
(microtype)                `\^e'
(microtype)                in font encoding `TU' in inheritance list
(microtype)                `microtype.cfg/358(protrusion)'.


Package microtype Warning: Unknown slot number of character
(microtype)                `\"e'
(microtype)                in font encoding `TU' in inheritance list
(microtype)                `microtype.cfg/358(protrusion)'.


Package microtype Warning: Unknown slot number of character
(microtype)                `\k e'
(microtype)                in font encoding `TU' in inheritance list
(microtype)                `microtype.cfg/358(protrusion)'.


Package microtype Warning: Unknown slot number of character
(microtype)                `\v e'
(microtype)                in font encoding `TU' in inheritance list
(microtype)                `microtype.cfg/358(protrusion)'.


Package microtype Warning: Unknown slot number of character
(microtype)                `\u G'
(microtype)                in font encoding `TU' in inheritance list
(microtype)                `microtype.cfg/358(protrusion)'.


Package microtype Warning: Unknown slot number of character
(microtype)                `\u g'
(microtype)                in font encoding `TU' in inheritance list
(microtype)                `microtype.cfg/358(protrusion)'.


Package microtype Warning: Unknown slot number of character
(microtype)                `\`I'
(microtype)                in font encoding `TU' in inheritance list
(microtype)                `microtype.cfg/358(protrusion)'.


Package microtype Warning: Unknown slot number of character
(microtype)                `\'I'
(microtype)                in font encoding `TU' in inheritance list
(microtype)                `microtype.cfg/358(protrusion)'.


Package microtype Warning: Unknown slot number of character
(microtype)                `\^I'
(microtype)                in font encoding `TU' in inheritance list
(microtype)                `microtype.cfg/358(protrusion)'.


Package microtype Warning: Unknown slot number of character
(microtype)                `\"I'
(microtype)                in font encoding `TU' in inheritance list
(microtype)                `microtype.cfg/358(protrusion)'.


Package microtype Warning: Unknown slot number of character
(microtype)                `\.I'
(microtype)                in font encoding `TU' in inheritance list
(microtype)                `microtype.cfg/358(protrusion)'.


Package microtype Warning: Unknown slot number of character
(microtype)                `\`i'
(microtype)                in font encoding `TU' in inheritance list
(microtype)                `microtype.cfg/358(protrusion)'.


Package microtype Warning: Unknown slot number of character
(microtype)                `\'i'
(microtype)                in font encoding `TU' in inheritance list
(microtype)                `microtype.cfg/358(protrusion)'.


Package microtype Warning: Unknown slot number of character
(microtype)                `\^i'
(microtype)                in font encoding `TU' in inheritance list
(microtype)                `microtype.cfg/358(protrusion)'.


Package microtype Warning: Unknown slot number of character
(microtype)                `\"i'
(microtype)                in font encoding `TU' in inheritance list
(microtype)                `microtype.cfg/358(protrusion)'.


Package microtype Warning: Unknown slot number of character
(microtype)                `\'L'
(microtype)                in font encoding `TU' in inheritance list
(microtype)                `microtype.cfg/358(protrusion)'.


Package microtype Warning: Unknown slot number of character
(microtype)                `\v L'
(microtype)                in font encoding `TU' in inheritance list
(microtype)                `microtype.cfg/358(protrusion)'.


Package microtype Warning: Unknown slot number of character
(microtype)                `\'l'
(microtype)                in font encoding `TU' in inheritance list
(microtype)                `microtype.cfg/358(protrusion)'.


Package microtype Warning: Unknown slot number of character
(microtype)                `\v l'
(microtype)                in font encoding `TU' in inheritance list
(microtype)                `microtype.cfg/358(protrusion)'.


Package microtype Warning: Unknown slot number of character
(microtype)                `\'N'
(microtype)                in font encoding `TU' in inheritance list
(microtype)                `microtype.cfg/358(protrusion)'.


Package microtype Warning: Unknown slot number of character
(microtype)                `\~N'
(microtype)                in font encoding `TU' in inheritance list
(microtype)                `microtype.cfg/358(protrusion)'.


Package microtype Warning: Unknown slot number of character
(microtype)                `\v N'
(microtype)                in font encoding `TU' in inheritance list
(microtype)                `microtype.cfg/358(protrusion)'.


Package microtype Warning: Unknown slot number of character
(microtype)                `\'n'
(microtype)                in font encoding `TU' in inheritance list
(microtype)                `microtype.cfg/358(protrusion)'.


Package microtype Warning: Unknown slot number of character
(microtype)                `\~n'
(microtype)                in font encoding `TU' in inheritance list
(microtype)                `microtype.cfg/358(protrusion)'.


Package microtype Warning: Unknown slot number of character
(microtype)                `\v n'
(microtype)                in font encoding `TU' in inheritance list
(microtype)                `microtype.cfg/358(protrusion)'.


Package microtype Warning: Unknown slot number of character
(microtype)                `\`O'
(microtype)                in font encoding `TU' in inheritance list
(microtype)                `microtype.cfg/358(protrusion)'.


Package microtype Warning: Unknown slot number of character
(microtype)                `\'O'
(microtype)                in font encoding `TU' in inheritance list
(microtype)                `microtype.cfg/358(protrusion)'.


Package microtype Warning: Unknown slot number of character
(microtype)                `\^O'
(microtype)                in font encoding `TU' in inheritance list
(microtype)                `microtype.cfg/358(protrusion)'.


Package microtype Warning: Unknown slot number of character
(microtype)                `\~O'
(microtype)                in font encoding `TU' in inheritance list
(microtype)                `microtype.cfg/358(protrusion)'.


Package microtype Warning: Unknown slot number of character
(microtype)                `\"O'
(microtype)                in font encoding `TU' in inheritance list
(microtype)                `microtype.cfg/358(protrusion)'.


Package microtype Warning: Unknown slot number of character
(microtype)                `\H O'
(microtype)                in font encoding `TU' in inheritance list
(microtype)                `microtype.cfg/358(protrusion)'.


Package microtype Warning: Unknown slot number of character
(microtype)                `\`o'
(microtype)                in font encoding `TU' in inheritance list
(microtype)                `microtype.cfg/358(protrusion)'.


Package microtype Warning: Unknown slot number of character
(microtype)                `\'o'
(microtype)                in font encoding `TU' in inheritance list
(microtype)                `microtype.cfg/358(protrusion)'.


Package microtype Warning: Unknown slot number of character
(microtype)                `\^o'
(microtype)                in font encoding `TU' in inheritance list
(microtype)                `microtype.cfg/358(protrusion)'.


Package microtype Warning: Unknown slot number of character
(microtype)                `\~o'
(microtype)                in font encoding `TU' in inheritance list
(microtype)                `microtype.cfg/358(protrusion)'.


Package microtype Warning: Unknown slot number of character
(microtype)                `\"o'
(microtype)                in font encoding `TU' in inheritance list
(microtype)                `microtype.cfg/358(protrusion)'.


Package microtype Warning: Unknown slot number of character
(microtype)                `\H o'
(microtype)                in font encoding `TU' in inheritance list
(microtype)                `microtype.cfg/358(protrusion)'.


Package microtype Warning: Unknown slot number of character
(microtype)                `\'R'
(microtype)                in font encoding `TU' in inheritance list
(microtype)                `microtype.cfg/358(protrusion)'.


Package microtype Warning: Unknown slot number of character
(microtype)                `\v R'
(microtype)                in font encoding `TU' in inheritance list
(microtype)                `microtype.cfg/358(protrusion)'.


Package microtype Warning: Unknown slot number of character
(microtype)                `\'r'
(microtype)                in font encoding `TU' in inheritance list
(microtype)                `microtype.cfg/358(protrusion)'.


Package microtype Warning: Unknown slot number of character
(microtype)                `\v r'
(microtype)                in font encoding `TU' in inheritance list
(microtype)                `microtype.cfg/358(protrusion)'.


Package microtype Warning: Unknown slot number of character
(microtype)                `\'S'
(microtype)                in font encoding `TU' in inheritance list
(microtype)                `microtype.cfg/358(protrusion)'.


Package microtype Warning: Unknown slot number of character
(microtype)                `\c S'
(microtype)                in font encoding `TU' in inheritance list
(microtype)                `microtype.cfg/358(protrusion)'.


Package microtype Warning: Unknown slot number of character
(microtype)                `\v S'
(microtype)                in font encoding `TU' in inheritance list
(microtype)                `microtype.cfg/358(protrusion)'.


Package microtype Warning: Unknown slot number of character
(microtype)                `\'s'
(microtype)                in font encoding `TU' in inheritance list
(microtype)                `microtype.cfg/358(protrusion)'.


Package microtype Warning: Unknown slot number of character
(microtype)                `\c s'
(microtype)                in font encoding `TU' in inheritance list
(microtype)                `microtype.cfg/358(protrusion)'.


Package microtype Warning: Unknown slot number of character
(microtype)                `\v s'
(microtype)                in font encoding `TU' in inheritance list
(microtype)                `microtype.cfg/358(protrusion)'.


Package microtype Warning: Unknown slot number of character
(microtype)                `\c T'
(microtype)                in font encoding `TU' in inheritance list
(microtype)                `microtype.cfg/358(protrusion)'.


Package microtype Warning: Unknown slot number of character
(microtype)                `\v T'
(microtype)                in font encoding `TU' in inheritance list
(microtype)                `microtype.cfg/358(protrusion)'.


Package microtype Warning: Unknown slot number of character
(microtype)                `\c t'
(microtype)                in font encoding `TU' in inheritance list
(microtype)                `microtype.cfg/358(protrusion)'.


Package microtype Warning: Unknown slot number of character
(microtype)                `\v t'
(microtype)                in font encoding `TU' in inheritance list
(microtype)                `microtype.cfg/358(protrusion)'.


Package microtype Warning: Unknown slot number of character
(microtype)                `\`U'
(microtype)                in font encoding `TU' in inheritance list
(microtype)                `microtype.cfg/358(protrusion)'.


Package microtype Warning: Unknown slot number of character
(microtype)                `\'U'
(microtype)                in font encoding `TU' in inheritance list
(microtype)                `microtype.cfg/358(protrusion)'.


Package microtype Warning: Unknown slot number of character
(microtype)                `\^U'
(microtype)                in font encoding `TU' in inheritance list
(microtype)                `microtype.cfg/358(protrusion)'.


Package microtype Warning: Unknown slot number of character
(microtype)                `\"U'
(microtype)                in font encoding `TU' in inheritance list
(microtype)                `microtype.cfg/358(protrusion)'.


Package microtype Warning: Unknown slot number of character
(microtype)                `\H U'
(microtype)                in font encoding `TU' in inheritance list
(microtype)                `microtype.cfg/358(protrusion)'.


Package microtype Warning: Unknown slot number of character
(microtype)                `\r U'
(microtype)                in font encoding `TU' in inheritance list
(microtype)                `microtype.cfg/358(protrusion)'.


Package microtype Warning: Unknown slot number of character
(microtype)                `\`u'
(microtype)                in font encoding `TU' in inheritance list
(microtype)                `microtype.cfg/358(protrusion)'.


Package microtype Warning: Unknown slot number of character
(microtype)                `\'u'
(microtype)                in font encoding `TU' in inheritance list
(microtype)                `microtype.cfg/358(protrusion)'.


Package microtype Warning: Unknown slot number of character
(microtype)                `\^u'
(microtype)                in font encoding `TU' in inheritance list
(microtype)                `microtype.cfg/358(protrusion)'.


Package microtype Warning: Unknown slot number of character
(microtype)                `\"u'
(microtype)                in font encoding `TU' in inheritance list
(microtype)                `microtype.cfg/358(protrusion)'.


Package microtype Warning: Unknown slot number of character
(microtype)                `\H u'
(microtype)                in font encoding `TU' in inheritance list
(microtype)                `microtype.cfg/358(protrusion)'.


Package microtype Warning: Unknown slot number of character
(microtype)                `\r u'
(microtype)                in font encoding `TU' in inheritance list
(microtype)                `microtype.cfg/358(protrusion)'.


Package microtype Warning: Unknown slot number of character
(microtype)                `\'Y'
(microtype)                in font encoding `TU' in inheritance list
(microtype)                `microtype.cfg/358(protrusion)'.


Package microtype Warning: Unknown slot number of character
(microtype)                `\"Y'
(microtype)                in font encoding `TU' in inheritance list
(microtype)                `microtype.cfg/358(protrusion)'.


Package microtype Warning: Unknown slot number of character
(microtype)                `\'y'
(microtype)                in font encoding `TU' in inheritance list
(microtype)                `microtype.cfg/358(protrusion)'.


Package microtype Warning: Unknown slot number of character
(microtype)                `\"y'
(microtype)                in font encoding `TU' in inheritance list
(microtype)                `microtype.cfg/358(protrusion)'.


Package microtype Warning: Unknown slot number of character
(microtype)                `\'Z'
(microtype)                in font encoding `TU' in inheritance list
(microtype)                `microtype.cfg/358(protrusion)'.


Package microtype Warning: Unknown slot number of character
(microtype)                `\.Z'
(microtype)                in font encoding `TU' in inheritance list
(microtype)                `microtype.cfg/358(protrusion)'.


Package microtype Warning: Unknown slot number of character
(microtype)                `\v Z'
(microtype)                in font encoding `TU' in inheritance list
(microtype)                `microtype.cfg/358(protrusion)'.


Package microtype Warning: Unknown slot number of character
(microtype)                `\'z'
(microtype)                in font encoding `TU' in inheritance list
(microtype)                `microtype.cfg/358(protrusion)'.


Package microtype Warning: Unknown slot number of character
(microtype)                `\.z'
(microtype)                in font encoding `TU' in inheritance list
(microtype)                `microtype.cfg/358(protrusion)'.


Package microtype Warning: Unknown slot number of character
(microtype)                `\v z'
(microtype)                in font encoding `TU' in inheritance list
(microtype)                `microtype.cfg/358(protrusion)'.

ABD: EverySelectfont initializing macros
LaTeX Info: Redefining \selectfont on input line 84.
.................................................
. fontspec info: "setup-math"
. 
. Adjusting the maths setup (use [no-math] to avoid this).
.................................................
\symlegacymaths=\mathgroup4
LaTeX Font Info:    Overwriting symbol font `legacymaths' in version `bold'
(Font)                  OT1/cmr/m/n --> OT1/cmr/bx/n on input line 84.
LaTeX Font Info:    Redeclaring math accent \acute on input line 84.
LaTeX Font Info:    Redeclaring math accent \grave on input line 84.
LaTeX Font Info:    Redeclaring math accent \ddot on input line 84.
LaTeX Font Info:    Redeclaring math accent \tilde on input line 84.
LaTeX Font Info:    Redeclaring math accent \bar on input line 84.
LaTeX Font Info:    Redeclaring math accent \breve on input line 84.
LaTeX Font Info:    Redeclaring math accent \check on input line 84.
LaTeX Font Info:    Redeclaring math accent \hat on input line 84.
LaTeX Font Info:    Redeclaring math accent \dot on input line 84.
LaTeX Font Info:    Redeclaring math accent \mathring on input line 84.
LaTeX Font Info:    Redeclaring math symbol \colon on input line 84.
LaTeX Font Info:    Redeclaring math symbol \Gamma on input line 84.
LaTeX Font Info:    Redeclaring math symbol \Delta on input line 84.
LaTeX Font Info:    Redeclaring math symbol \Theta on input line 84.
LaTeX Font Info:    Redeclaring math symbol \Lambda on input line 84.
LaTeX Font Info:    Redeclaring math symbol \Xi on input line 84.
LaTeX Font Info:    Redeclaring math symbol \Pi on input line 84.
LaTeX Font Info:    Redeclaring math symbol \Sigma on input line 84.
LaTeX Font Info:    Redeclaring math symbol \Upsilon on input line 84.
LaTeX Font Info:    Redeclaring math symbol \Phi on input line 84.
LaTeX Font Info:    Redeclaring math symbol \Psi on input line 84.
LaTeX Font Info:    Redeclaring math symbol \Omega on input line 84.
LaTeX Font Info:    Redeclaring math symbol \mathdollar on input line 84.
LaTeX Font Info:    Redeclaring symbol font `operators' on input line 84.
LaTeX Font Info:    Encoding `OT1' has changed to `TU' for symbol font
(Font)              `operators' in the math version `normal' on input line 84.
LaTeX Font Info:    Overwriting symbol font `operators' in version `normal'
(Font)                  OT1/cmr/m/n --> TU/AdobeCaslonPro(0)/m/n on input line 84.
LaTeX Font Info:    Encoding `OT1' has changed to `TU' for symbol font
(Font)              `operators' in the math version `bold' on input line 84.
LaTeX Font Info:    Overwriting symbol font `operators' in version `bold'
(Font)                  OT1/cmr/bx/n --> TU/AdobeCaslonPro(0)/m/n on input line 84.
LaTeX Font Info:    Overwriting symbol font `operators' in version `normal'
(Font)                  TU/AdobeCaslonPro(0)/m/n --> TU/AdobeCaslonPro(0)/m/n on input line 84.
LaTeX Font Info:    Overwriting math alphabet `\mathit' in version `normal'
(Font)                  OT1/cmr/m/it --> TU/AdobeCaslonPro(0)/m/it on input line 84.
LaTeX Font Info:    Overwriting math alphabet `\mathbf' in version `normal'
(Font)                  OT1/cmr/bx/n --> TU/AdobeCaslonPro(0)/bx/n on input line 84.
LaTeX Font Info:    Overwriting math alphabet `\mathsf' in version `normal'
(Font)                  OT1/cmss/m/n --> TU/AvenirMedium(0)/m/n on input line 84.
LaTeX Font Info:    Overwriting math alphabet `\mathtt' in version `normal'
(Font)                  OT1/cmtt/m/n --> TU/lmtt/m/n on input line 84.
LaTeX Font Info:    Overwriting symbol font `operators' in version `bold'
(Font)                  TU/AdobeCaslonPro(0)/m/n --> TU/AdobeCaslonPro(0)/bx/n on input line 84.
LaTeX Font Info:    Overwriting math alphabet `\mathit' in version `bold'
(Font)                  OT1/cmr/bx/it --> TU/AdobeCaslonPro(0)/bx/it on input line 84.
LaTeX Font Info:    Overwriting math alphabet `\mathsf' in version `bold'
(Font)                  OT1/cmss/bx/n --> TU/AvenirMedium(0)/bx/n on input line 84.
LaTeX Font Info:    Overwriting math alphabet `\mathtt' in version `bold'
(Font)                  OT1/cmtt/m/n --> TU/lmtt/bx/n on input line 84.
Package biblatex Info: XeTeX detected.
(biblatex)             Assuming input encoding 'utf8'.
Package biblatex Info: Automatic encoding selection.
(biblatex)             Assuming data encoding 'utf8'.
\openout4 = `Lonely_Schools_Odell_2017_AM.bcf'.

Package biblatex Info: Trying to load bibliographic data...
Package biblatex Info: ... file 'Lonely_Schools_Odell_2017_AM.bbl' found.
 (/Users/evanodell/Documents/GitHub/lonely-schools/preprint/.texpadtmp/Lonely_Schools_Odell_2017_AM.bbl)
Package biblatex Info: Reference section=0 on input line 84.
Package biblatex Info: Reference segment=0 on input line 84.
LaTeX Font Info:    Font shape `TU/AdobeCaslonPro(0)/m/n' will be
(Font)              scaled to size 21.59161pt on input line 87.
LaTeX Font Info:    Font shape `TU/AdobeCaslonPro(0)/m/n' will be
(Font)              scaled to size 25.90161pt on input line 87.
LaTeX Font Info:    Font shape `TU/AdobeCaslonPro(0)/m/n' will be
(Font)              scaled to size 14.99127pt on input line 87.
LaTeX Font Info:    Font shape `TU/AdobeCaslonPro(0)/m/n' will be
(Font)              scaled to size 10.41061pt on input line 87.
LaTeX Font Info:    Font shape `TU/AdobeCaslonPro(0)/m/n' will be
(Font)              scaled to size 7.28743pt on input line 87.
LaTeX Font Info:    External font `cmex10' loaded for size
(Font)              <14.4> on input line 87.
LaTeX Font Info:    External font `cmex10' loaded for size
(Font)              <7> on input line 87.
 (/usr/local/texlive/2017/texmf-dist/tex/latex/microtype/mt-cmr.cfg
File: mt-cmr.cfg 2013/05/19 v2.2 microtype config. file: Computer Modern Roman (RS)
)
LaTeX Font Info:    Font shape `TU/AdobeCaslonPro(0)/m/it' will be
(Font)              scaled to size 12.49274pt on input line 88.
Package microtype Info: Loading generic settings for font family
(microtype)             `lmtt' (encoding: TU).
(microtype)             For optimal results, create family-specific settings.
(microtype)             See the microtype manual for details.
LaTeX Font Info:    Font shape `TU/AdobeCaslonPro(0)/m/n' will be
(Font)              scaled to size 8.32849pt on input line 88.
LaTeX Font Info:    Font shape `TU/AdobeCaslonPro(0)/m/n' will be
(Font)              scaled to size 6.24637pt on input line 88.
LaTeX Font Info:    External font `cmex10' loaded for size
(Font)              <12> on input line 88.
LaTeX Font Info:    External font `cmex10' loaded for size
(Font)              <8> on input line 88.
LaTeX Font Info:    External font `cmex10' loaded for size
(Font)              <6> on input line 88.
LaTeX Font Info:    Font shape `TU/AdobeCaslonPro(0)/m/n' will be
(Font)              scaled to size 11.39961pt on input line 91.
LaTeX Font Info:    Font shape `TU/AdobeCaslonPro(0)/bx/n' will be
(Font)              scaled to size 11.39961pt on input line 91.
LaTeX Font Info:    Font shape `TU/AdobeCaslonPro(0)/m/it' will be
(Font)              scaled to size 11.39961pt on input line 92.
 (/usr/local/texlive/2017/texmf-dist/tex/generic/oberdiek/se-ascii-print.def
File: se-ascii-print.def 2016/05/16 v1.11 stringenc: Printable ASCII characters
) [1

]
LaTeX Font Info:    Font shape `TU/AdobeCaslonPro(0)/m/n' will be
(Font)              scaled to size 17.98953pt on input line 105.
LaTeX Font Info:    Font shape `TU/AdobeCaslonPro(0)/bx/n' will be
(Font)              scaled to size 17.98953pt on input line 105.
LaTeX Font Info:    Font shape `TU/AdobeCaslonPro(0)/m/n' will be
(Font)              scaled to size 5.2053pt on input line 113.
LaTeX Font Info:    External font `cmex10' loaded for size
(Font)              <5> on input line 113.

Underfull \hbox (badness 10000) in paragraph at lines 113--113
[][][]\TU/AdobeCaslonPro(0)/m/n/10 The General Certificate of Secondary Education (GCSE) is a secondary school qualific-
 []


Underfull \hbox (badness 10000) in paragraph at lines 113--113
\TU/AdobeCaslonPro(0)/m/n/10 ation primarily used in England, Wales and Northern Ireland. The International Standard
 []


Underfull \hbox (badness 10000) in paragraph at lines 113--113
\TU/AdobeCaslonPro(0)/m/n/10 Classification of Education (ISCED) 2011 classifies GCSEs as an upper secondary qualific-
 []


Underfull \hbox (badness 10000) in paragraph at lines 113--113
\TU/AdobeCaslonPro(0)/m/n/10 ation ([]UNESCO Institute for Statistics [][]2015[][]) that is [s]ufficient for partial level completion,
 []


Underfull \hbox (badness 10000) in paragraph at lines 113--113
\TU/AdobeCaslonPro(0)/m/n/10 without direct access to post-secondary non-tertiary education or tertiary education ([]UN-
 []


Underfull \hbox (badness 10000) in paragraph at lines 113--113
\TU/AdobeCaslonPro(0)/m/n/10 ESCO Institute for Statistics [][]2012[][], p. 42). The proportion of pupils achieving a grade of C or
 []


Underfull \hbox (badness 10000) in paragraph at lines 113--113
\TU/AdobeCaslonPro(0)/m/n/10 higher in English, mathematics and at least three other subjects at GCSE level is the standard
 []


Underfull \hbox (badness 10000) in paragraph at lines 113--113
\TU/AdobeCaslonPro(0)/m/n/10 headline secondary school performance measured used by the Department for Education in
 []

[2]
LaTeX Font Info:    Font shape `TU/AdobeCaslonPro(0)/bx/n' will be
(Font)              scaled to size 14.99127pt on input line 117.
 [3]
Overfull \hbox (5.92802pt too wide) in paragraph at lines 123--124
\TU/AdobeCaslonPro(0)/m/n/12 is based on the rural/urban typological classification of the Output Area ([]Bibby 
 []

[4] [5]
Underfull \hbox (badness 10000) in paragraph at lines 149--149
[][][]\TU/AdobeCaslonPro(0)/m/n/10 Disadvantaged pupils are pupils that have been eligible for free school meals at any point
 []


Underfull \hbox (badness 10000) in paragraph at lines 149--149
\TU/AdobeCaslonPro(0)/m/n/10 in the previous six years, or that have been in the care of the local authority at any point ([]De-
 []


Underfull \hbox (badness 10000) in paragraph at lines 153--153
[][][]\TU/AdobeCaslonPro(0)/m/n/10 The OpenStreetMap project is an open source geographic database, using information
 []


Underfull \hbox (badness 10000) in paragraph at lines 153--153
\TU/AdobeCaslonPro(0)/m/n/10 from contributors and publicly available maps, including Ordnance Survey maps. It is available
 []

[6]
Overfull \hbox (14.08928pt too wide) in paragraph at lines 162--163
[]\TU/AdobeCaslonPro(0)/m/n/12 The percentage of disadvantaged pupils in the Key Stage 4 cohort (Ever6FSM)  
 []


Underfull \hbox (badness 10000) in paragraph at lines 163--163
[][][]\TU/AdobeCaslonPro(0)/m/n/10 Key Stage 4 is the England National Curriculum term for secondary school Years 10 and
 []


Underfull \hbox (badness 10000) in paragraph at lines 163--163
\TU/AdobeCaslonPro(0)/m/n/10 11, when pupils are aged 14-16. General Certificate of Secondary Education (GCSE) exams
 []


Underfull \hbox (badness 10000) in paragraph at lines 167--167
[][][]\TU/AdobeCaslonPro(0)/m/n/10 Key Stage 2 is the England National Curriculum term for primary school for Years 3-6,
 []


Underfull \hbox (badness 10000) in paragraph at lines 167--167
\TU/AdobeCaslonPro(0)/m/n/10 when pupils are aged seven to 11. The Key Stage 2 point score is the average number of points
 []


Underfull \hbox (badness 10000) in paragraph at lines 167--167
\TU/AdobeCaslonPro(0)/m/n/10 attained by a cohort of students in the Key Stage 2 standardised tests taken at the end of Year 6,
 []

LaTeX Font Info:    Font shape `TU/AdobeCaslonPro(0)/bx/n' will be
(Font)              scaled to size 12.49274pt on input line 174.
[7]
Overfull \hbox (4.4832pt too wide) in paragraph at lines 182--182
[]\TU/AdobeCaslonPro(0)/bx/n/12 Percentage of Pupils with Special Educational Needs statements (SEN)  
 []


Overfull \hbox (1.96216pt too wide) in paragraph at lines 188--189
\TU/AdobeCaslonPro(0)/m/n/12 The percentage of girls at Key Stage 4 was included to account for girls higher 
 []

[8]
Underfull \hbox (badness 10000) in paragraph at lines 200--200
[][][]\TU/AdobeCaslonPro(0)/m/n/10 The exact proportion may have changed in the decade since this paper was published, al-
 []


Underfull \hbox (badness 10000) in paragraph at lines 200--200
\TU/AdobeCaslonPro(0)/m/n/10 though at the time of writing I have been unable to locate any research with more up-to-date
 []

[9] [10]
File: img/Figure1.jpg Graphic file (type QTm)
 <use  "img/Figure1.jpg" >
File: img/Figure2.jpg Graphic file (type QTm)
 <use  "img/Figure2.jpg" >
Underfull \hbox (badness 10000) in paragraph at lines 234--234
[]\TU/AdobeCaslonPro(0)/m/n/12 Table 1: []Correlation between academic attainment and isolation, for all pupils
 []


Overfull \hbox (71.49245pt too wide) in paragraph at lines 251--289
 [][] 
 []

[11] [12] [13] [14]
Overfull \hbox (1.33803pt too wide) in paragraph at lines 309--310
[]\TU/AdobeCaslonPro(0)/m/n/12 It must be borne in mind that further research is needed to identify whether 
 []

[15]
LaTeX Font Info:    Font shape `TU/AdobeCaslonPro(0)/m/sc' will be
(Font)              scaled to size 12.49274pt on input line 322.

Overfull \hbox (11.69853pt too wide) in paragraph at lines 323--323
\TU/AdobeCaslonPro(0)/m/n/12 sequences for Ability and Social Stratification. In: \TU/AdobeCaslonPro(0)/m/it/12 Urban Studies \TU/AdobeCaslonPro(0)/m/n/12 44.4, pp. 751 
 []


Overfull \hbox (5.75496pt too wide) in paragraph at lines 323--323
[][]\TU/AdobeCaslonPro(0)/m/n/12 Baars, Sam, Eleanor Bernardes, Alex Elwick, Abigail Malortie, Tony McAleavy, 
 []


Overfull \hbox (2.9716pt too wide) in paragraph at lines 323--323
[][]\TU/AdobeCaslonPro(0)/m/n/12 Bradley, Steve and Jim Taylor (2010).   Diversity, Choice and the Quasi-Market: 
 []

[16]
Overfull \hbox (10.1452pt too wide) in paragraph at lines 323--323
\TU/AdobeCaslonPro(0)/m/it/12 Review of Education \TU/AdobeCaslonPro(0)/m/n/12 28.4, pp. 405425. \TU/AdobeCaslonPro(0)/m/sc/12 doi\TU/AdobeCaslonPro(0)/m/n/12 : [][]$[][] [] [][][][] [] [][][][][][][][][][][][][][][][][][][]$[][]. 
 []


Overfull \hbox (31.04851pt too wide) in paragraph at lines 323--323
\TU/AdobeCaslonPro(0)/m/sc/12 url\TU/AdobeCaslonPro(0)/m/n/12 : [][]$[][][][] [] [] [] [][][] [] [][][][][][][][][][][] [] [][][] [] [][][] [] [][][] [] [][] [] [][][][] [] [][][][][][][][][][][][][][][][][][][]$[][].  
 []

[17]

Package biblatex Warning: No driver for entry type 'software'.
(biblatex)                Using fallback driver on input line 322.

[18]
Overfull \hbox (6.91493pt too wide) in paragraph at lines 323--323
\TU/AdobeCaslonPro(0)/m/sc/12 doi\TU/AdobeCaslonPro(0)/m/n/12 : [][]$[][] [] [][][][] [] [][][][][] [][] [][][][][][][] [] [][][][][] [][] []$[][]. \TU/AdobeCaslonPro(0)/m/sc/12 url\TU/AdobeCaslonPro(0)/m/n/12 : [][]$[][][][] [] [] [] [][][] [] [][][][][][][][][][][][][] [] 
 []

[19]
Overfull \hbox (32.0422pt too wide) in paragraph at lines 323--323
[][]\TU/AdobeCaslonPro(0)/m/n/12 Pateman, Tim (2011).   Rural and Urban Areas: Comparing Lives Using Rural/Urban 
 []

[20]
Overfull \hbox (2.15956pt too wide) in paragraph at lines 323--323
[][]\TU/AdobeCaslonPro(0)/m/n/12 Townsend, L., A. Sathiaseelan, G. Fairhurst and C. Wallace (2013).   Enhanced 
 []

Package atveryend Info: Empty hook `BeforeClearDocument' on input line 324.
[21]
Package atveryend Info: Empty hook `AfterLastShipout' on input line 324.
 (/Users/evanodell/Documents/GitHub/lonely-schools/preprint/.texpadtmp/Lonely_Schools_Odell_2017_AM.aux)
Package atveryend Info: Empty hook `AtVeryEndDocument' on input line 324.
Package atveryend Info: Empty hook `AtEndAfterFileList' on input line 324.
Package logreq Info: Writing requests to 'Lonely_Schools_Odell_2017_AM.run.xml'.
\openout1 = `Lonely_Schools_Odell_2017_AM.run.xml'.

Package atveryend Info: Empty hook `AtVeryVeryEnd' on input line 324.
 ) 
Here is how much of TeX's memory you used:
 27020 strings out of 493005
 509144 string characters out of 6134597
 1025267 words of memory out of 5000000
 30742 multiletter control sequences out of 15000+600000
 7913 words of font info for 60 fonts, out of 8000000 for 9000
 1348 hyphenation exceptions out of 8191
 46i,12n,117p,10427b,5527s stack positions out of 5000i,500n,10000p,200000b,80000s

Output written on /Users/evanodell/Documents/GitHub/lonely-schools/preprint/.texpadtmp/Lonely_Schools_Odell_2017_AM.pdf (21 pages).
